Determining if the pthread_create exist failed with the following output:
Change Dir: /home/khaled/baymax_ws2/build/CMakeFiles/CMakeTmp

Run Build Command:"/usr/bin/make" "cmTC_61236/fast"
/usr/bin/make -f CMakeFiles/cmTC_61236.dir/build.make CMakeFiles/cmTC_61236.dir/build
make[1]: Entering directory '/home/khaled/baymax_ws2/build/CMakeFiles/CMakeTmp'
Building C object CMakeFiles/cmTC_61236.dir/CheckSymbolExists.c.o
/usr/bin/cc     -o CMakeFiles/cmTC_61236.dir/CheckSymbolExists.c.o   -c /home/khaled/baymax_ws2/build/CMakeFiles/CMakeTmp/CheckSymbolExists.c
Linking C executable cmTC_61236
/usr/bin/cmake -E cmake_link_script CMakeFiles/cmTC_61236.dir/link.txt --verbose=1
/usr/bin/cc       CMakeFiles/cmTC_61236.dir/CheckSymbolExists.c.o  -o cmTC_61236 -rdynamic 
CMakeFiles/cmTC_61236.dir/CheckSymbolExists.c.o: In function `main':
CheckSymbolExists.c:(.text+0x16): undefined reference to `pthread_create'
collect2: error: ld returned 1 exit status
CMakeFiles/cmTC_61236.dir/build.make:97: recipe for target 'cmTC_61236' failed
make[1]: *** [cmTC_61236] Error 1
make[1]: Leaving directory '/home/khaled/baymax_ws2/build/CMakeFiles/CMakeTmp'
Makefile:126: recipe for target 'cmTC_61236/fast' failed
make: *** [cmTC_61236/fast] Error 2

File /home/khaled/baymax_ws2/build/CMakeFiles/CMakeTmp/CheckSymbolExists.c:
/* */
#include <pthread.h>

int main(int argc, char** argv)
{
  (void)argv;
#ifndef pthread_create
  return ((int*)(&pthread_create))[argc];
#else
  (void)argc;
  return 0;
#endif
}

Determining if the function pthread_create exists in the pthreads failed with the following output:
Change Dir: /home/khaled/baymax_ws2/build/CMakeFiles/CMakeTmp

Run Build Command:"/usr/bin/make" "cmTC_b5460/fast"
/usr/bin/make -f CMakeFiles/cmTC_b5460.dir/build.make CMakeFiles/cmTC_b5460.dir/build
make[1]: Entering directory '/home/khaled/baymax_ws2/build/CMakeFiles/CMakeTmp'
Building C object CMakeFiles/cmTC_b5460.dir/CheckFunctionExists.c.o
/usr/bin/cc    -DCHECK_FUNCTION_EXISTS=pthread_create   -o CMakeFiles/cmTC_b5460.dir/CheckFunctionExists.c.o   -c /usr/share/cmake-3.5/Modules/CheckFunctionExists.c
Linking C executable cmTC_b5460
/usr/bin/cmake -E cmake_link_script CMakeFiles/cmTC_b5460.dir/link.txt --verbose=1
/usr/bin/cc   -DCHECK_FUNCTION_EXISTS=pthread_create    CMakeFiles/cmTC_b5460.dir/CheckFunctionExists.c.o  -o cmTC_b5460 -rdynamic -lpthreads 
/usr/bin/ld: cannot find -lpthreads
collect2: error: ld returned 1 exit status
CMakeFiles/cmTC_b5460.dir/build.make:97: recipe for target 'cmTC_b5460' failed
make[1]: *** [cmTC_b5460] Error 1
make[1]: Leaving directory '/home/khaled/baymax_ws2/build/CMakeFiles/CMakeTmp'
Makefile:126: recipe for target 'cmTC_b5460/fast' failed
make: *** [cmTC_b5460/fast] Error 2


